0 info it worked if it ends with ok
1 verbose cli [ 'C:\\Program Files\\nodejs\\node.exe',
1 verbose cli   'C:\\Program Files\\nodejs\\node_modules\\npm\\bin\\npm-cli.js',
1 verbose cli   'run',
1 verbose cli   'lint' ]
2 info using npm@3.10.10
3 info using node@v6.11.3
4 verbose run-script [ 'prelint', 'lint', 'postlint' ]
5 info lifecycle stortverkefni2@1.0.0~prelint: stortverkefni2@1.0.0
6 silly lifecycle stortverkefni2@1.0.0~prelint: no script for prelint, continuing
7 info lifecycle stortverkefni2@1.0.0~lint: stortverkefni2@1.0.0
8 verbose lifecycle stortverkefni2@1.0.0~lint: unsafe-perm in lifecycle true
9 verbose lifecycle stortverkefni2@1.0.0~lint: PATH: C:\Program Files\nodejs\node_modules\npm\bin\node-gyp-bin;C:\Users\G-Money\Desktop\Suz\stort-verkefni2\gogn\node_modules\.bin;c:\Program Files\Java\jdk1.8.0_144\bin;C:\WINDOWS\system32;C:\WINDOWS;C:\WINDOWS\System32\Wbem;C:\WINDOWS\System32\WindowsPowerShell\v1.0\;C:\Program Files\nodejs\;C:\Program Files\Git\cmd;C:\Users\G-Money\AppData\Local\Microsoft\WindowsApps;C:\Users\G-Money\AppData\Local\Microsoft\WindowsApps;C:\Users\G-Money\AppData\Local\atom\bin;C:\Users\G-Money\AppData\Roaming\npm
10 verbose lifecycle stortverkefni2@1.0.0~lint: CWD: C:\Users\G-Money\Desktop\Suz\stort-verkefni2\gogn
11 silly lifecycle stortverkefni2@1.0.0~lint: Args: [ '/d /s /c', 'npm-run-all --parallel eslint stylelint' ]
12 silly lifecycle stortverkefni2@1.0.0~lint: Returned: code: 1  signal: null
13 info lifecycle stortverkefni2@1.0.0~lint: Failed to exec lint script
14 verbose stack Error: stortverkefni2@1.0.0 lint: `npm-run-all --parallel eslint stylelint`
14 verbose stack Exit status 1
14 verbose stack     at EventEmitter.<anonymous> (C:\Program Files\nodejs\node_modules\npm\lib\utils\lifecycle.js:255:16)
14 verbose stack     at emitTwo (events.js:106:13)
14 verbose stack     at EventEmitter.emit (events.js:191:7)
14 verbose stack     at ChildProcess.<anonymous> (C:\Program Files\nodejs\node_modules\npm\lib\utils\spawn.js:40:14)
14 verbose stack     at emitTwo (events.js:106:13)
14 verbose stack     at ChildProcess.emit (events.js:191:7)
14 verbose stack     at maybeClose (internal/child_process.js:920:16)
14 verbose stack     at Process.ChildProcess._handle.onexit (internal/child_process.js:230:5)
15 verbose pkgid stortverkefni2@1.0.0
16 verbose cwd C:\Users\G-Money\Desktop\Suz\stort-verkefni2\gogn
17 error Windows_NT 10.0.15063
18 error argv "C:\\Program Files\\nodejs\\node.exe" "C:\\Program Files\\nodejs\\node_modules\\npm\\bin\\npm-cli.js" "run" "lint"
19 error node v6.11.3
20 error npm  v3.10.10
21 error code ELIFECYCLE
22 error stortverkefni2@1.0.0 lint: `npm-run-all --parallel eslint stylelint`
22 error Exit status 1
23 error Failed at the stortverkefni2@1.0.0 lint script 'npm-run-all --parallel eslint stylelint'.
23 error Make sure you have the latest version of node.js and npm installed.
23 error If you do, this is most likely a problem with the stortverkefni2 package,
23 error not with npm itself.
23 error Tell the author that this fails on your system:
23 error     npm-run-all --parallel eslint stylelint
23 error You can get information on how to open an issue for this project with:
23 error     npm bugs stortverkefni2
23 error Or if that isn't available, you can get their info via:
23 error     npm owner ls stortverkefni2
23 error There is likely additional logging output above.
24 verbose exit [ 1, true ]
